-------------------------------------------------------------------------------
Test set: org.soulaimane.productservice.ProductServiceApplicationTests
-------------------------------------------------------------------------------
Tests run: 1, Failures: 0, Errors: 1, Skipped: 0, Time elapsed: 6.768 s <<< FAILURE! - in org.soulaimane.productservice.ProductServiceApplicationTests
org.soulaimane.productservice.ProductServiceApplicationTests  Time elapsed: 6.766 s  <<< ERROR!
java.lang.IllegalStateException: Could not find a valid Docker environment. Please see logs and check configuration

