<?xml version="1.0" encoding="UTF-8"?>
<testsuite xmlns:xsi="http://www.w3.org/2001/XMLSchema-instance" xsi:noNamespaceSchemaLocation="https://maven.apache.org/surefire/maven-surefire-plugin/xsd/surefire-test-report.xsd" name="org.soulaimane.productservice.ProductServiceApplicationTests" time="6.768" tests="1" errors="1" skipped="0" failures="0">
  <properties>
[...]
</properties>
  <testcase name="org.soulaimane.productservice.ProductServiceApplicationTests" classname="org.soulaimane.productservice.ProductServiceApplicationTests" time="6.766">
    <error message="Could not find a valid Docker environment. Please see logs and check configuration" type="java.lang.IllegalStateException">java.lang.IllegalStateException: Could not find a valid Docker environment. Please see logs and check configuration
</error>
    <system-out><![CDATA[11:26:46.866 [main] DEBUG org.springframework.test.context.BootstrapUtils - Instantiating CacheAwareContextLoaderDelegate from class [org.springframework.test.context.cache.DefaultCacheAwareContextLoaderDelegate]
11:26:46.883 [main] DEBUG org.springframework.test.context.BootstrapUtils - Instantiating BootstrapContext using constructor [public org.springframework.test.context.support.DefaultBootstrapContext(java.lang.Class,org.springframework.test.context.CacheAwareContextLoaderDelegate)]
11:26:46.966 [main] DEBUG org.springframework.test.context.BootstrapUtils - Instantiating TestContextBootstrapper for test class [org.soulaimane.productservice.ProductServiceApplicationTests] from class [org.springframework.boot.test.context.SpringBootTestContextBootstrapper]
11:26:46.995 [main] INFO org.springframework.boot.test.context.SpringBootTestContextBootstrapper - Neither @ContextConfiguration nor @ContextHierarchy found for test class [org.soulaimane.productservice.ProductServiceApplicationTests], using SpringBootContextLoader
11:26:47.004 [main] DEBUG org.springframework.test.context.support.AbstractContextLoader - Did not detect default resource location for test class [org.soulaimane.productservice.ProductServiceApplicationTests]: class path resource [org/soulaimane/productservice/ProductServiceApplicationTests-context.xml] does not exist
11:26:47.005 [main] DEBUG org.springframework.test.context.support.AbstractContextLoader - Did not detect default resource location for test class [org.soulaimane.productservice.ProductServiceApplicationTests]: class path resource [org/soulaimane/productservice/ProductServiceApplicationTestsContext.groovy] does not exist
11:26:47.006 [main] INFO org.springframework.test.context.support.AbstractContextLoader - Could not detect default resource locations for test class [org.soulaimane.productservice.ProductServiceApplicationTests]: no resource found for suffixes {-context.xml, Context.groovy}.
11:26:47.007 [main] INFO org.springframework.test.context.support.AnnotationConfigContextLoaderUtils - Could not detect default configuration classes for test class [org.soulaimane.productservice.ProductServiceApplicationTests]: ProductServiceApplicationTests does not declare any static, non-private, non-final, nested classes annotated with @Configuration.
11:26:47.149 [main] DEBUG org.springframework.test.context.support.ActiveProfilesUtils - Could not find an 'annotation declaring class' for annotation type [org.springframework.test.context.ActiveProfiles] and class [org.soulaimane.productservice.ProductServiceApplicationTests]
11:26:47.316 [main] DEBUG org.springframework.context.annotation.ClassPathScanningCandidateComponentProvider - Identified candidate component class: file [D:\enset\M2\Systeme_distribue_LYOUSFI\Youtube 6h\new-project\Product-Service\target\classes\org\soulaimane\productservice\ProductServiceApplication.class]
11:26:47.319 [main] INFO org.springframework.boot.test.context.SpringBootTestContextBootstrapper - Found @SpringBootConfiguration org.soulaimane.productservice.ProductServiceApplication for test class org.soulaimane.productservice.ProductServiceApplicationTests
11:26:47.589 [main] DEBUG org.springframework.boot.test.context.SpringBootTestContextBootstrapper - @TestExecutionListeners is not present for class [org.soulaimane.productservice.ProductServiceApplicationTests]: using defaults.
11:26:47.591 [main] INFO org.springframework.boot.test.context.SpringBootTestContextBootstrapper - Loaded default TestExecutionListener class names from location [META-INF/spring.factories]: [org.springframework.boot.test.mock.mockito.MockitoTestExecutionListener, org.springframework.boot.test.mock.mockito.ResetMocksTestExecutionListener, org.springframework.boot.test.autoconfigure.restdocs.RestDocsTestExecutionListener, org.springframework.boot.test.autoconfigure.web.client.MockRestServiceServerResetTestExecutionListener, org.springframework.boot.test.autoconfigure.web.servlet.MockMvcPrintOnlyOnFailureTestExecutionListener, org.springframework.boot.test.autoconfigure.web.servlet.WebDriverTestExecutionListener, org.springframework.boot.test.autoconfigure.webservices.client.MockWebServiceServerTestExecutionListener, org.springframework.test.context.web.ServletTestExecutionListener, org.springframework.test.context.support.DirtiesContextBeforeModesTestExecutionListener, org.springframework.test.context.event.ApplicationEventsTestExecutionListener, org.springframework.test.context.support.DependencyInjectionTestExecutionListener, org.springframework.test.context.support.DirtiesContextTestExecutionListener, org.springframework.test.context.transaction.TransactionalTestExecutionListener, org.springframework.test.context.jdbc.SqlScriptsTestExecutionListener, org.springframework.test.context.event.EventPublishingTestExecutionListener]
11:26:47.647 [main] INFO org.springframework.boot.test.context.SpringBootTestContextBootstrapper - Using TestExecutionListeners: [org.springframework.test.context.web.ServletTestExecutionListener@64bce832, org.springframework.test.context.support.DirtiesContextBeforeModesTestExecutionListener@764faa6, org.springframework.test.context.event.ApplicationEventsTestExecutionListener@4c1f22f3, org.springframework.boot.test.mock.mockito.MockitoTestExecutionListener@598bd2ba, org.springframework.boot.test.autoconfigure.SpringBootDependencyInjectionTestExecutionListener@5a755cc1, org.springframework.test.context.support.DirtiesContextTestExecutionListener@7ae42ce3, org.springframework.test.context.transaction.TransactionalTestExecutionListener@4f5991f6, org.springframework.test.context.jdbc.SqlScriptsTestExecutionListener@484094a5, org.springframework.test.context.event.EventPublishingTestExecutionListener@38234a38, org.springframework.boot.test.mock.mockito.ResetMocksTestExecutionListener@63fbfaeb, org.springframework.boot.test.autoconfigure.restdocs.RestDocsTestExecutionListener@602e0143, org.springframework.boot.test.autoconfigure.web.client.MockRestServiceServerResetTestExecutionListener@2c07545f, org.springframework.boot.test.autoconfigure.web.servlet.MockMvcPrintOnlyOnFailureTestExecutionListener@e57b96d, org.springframework.boot.test.autoconfigure.web.servlet.WebDriverTestExecutionListener@32c726ee, org.springframework.boot.test.autoconfigure.webservices.client.MockWebServiceServerTestExecutionListener@22f31dec]
11:26:47.665 [main] DEBUG org.springframework.test.context.support.AbstractDirtiesContextTestExecutionListener - Before test class: context [DefaultTestContext@4b40f651 testClass = ProductServiceApplicationTests, testInstance = [null], testMethod = [null], testException = [null], mergedContextConfiguration = [WebMergedContextConfiguration@42b02722 testClass = ProductServiceApplicationTests, locations = '{}', classes = '{class org.soulaimane.productservice.ProductServiceApplication}', contextInitializerClasses = '[]', activeProfiles = '{}', propertySourceLocations = '{}', propertySourceProperties = '{org.springframework.boot.test.context.SpringBootTestContextBootstrapper=true}', contextCustomizers = set[[ImportsContextCustomizer@d62fe5b key = [org.springframework.boot.test.autoconfigure.web.servlet.MockMvcAutoConfiguration, org.springframework.boot.test.autoconfigure.web.servlet.MockMvcWebClientAutoConfiguration, org.springframework.boot.test.autoconfigure.web.servlet.MockMvcWebDriverAutoConfiguration, org.springframework.boot.autoconfigure.security.oauth2.client.servlet.OAuth2ClientAutoConfiguration, org.springframework.boot.autoconfigure.security.oauth2.resource.servlet.OAuth2ResourceServerAutoConfiguration, org.springframework.boot.autoconfigure.security.servlet.SecurityAutoConfiguration, org.springframework.boot.autoconfigure.security.servlet.SecurityFilterAutoConfiguration, org.springframework.boot.autoconfigure.security.servlet.UserDetailsServiceAutoConfiguration, org.springframework.boot.test.autoconfigure.web.servlet.MockMvcSecurityConfiguration, org.springframework.boot.test.autoconfigure.web.reactive.WebTestClientAutoConfiguration]], org.springframework.boot.test.context.filter.ExcludeFilterContextCustomizer@52b1beb6, org.springframework.boot.test.json.DuplicateJsonObjectContextCustomizerFactory$DuplicateJsonObjectContextCustomizer@73e9cf30, org.springframework.boot.test.mock.mockito.MockitoContextCustomizer@0, org.springframework.boot.test.web.client.TestRestTemplateContextCustomizer@7b36aa0c, org.springframework.boot.test.autoconfigure.actuate.metrics.MetricsExportContextCustomizerFactory$DisableMetricExportContextCustomizer@38cee291, org.springframework.boot.test.autoconfigure.properties.PropertyMappingContextCustomizer@4b3fa0b3, org.springframework.boot.test.autoconfigure.web.servlet.WebDriverContextCustomizerFactory$Customizer@750e2b97, org.springframework.test.context.support.DynamicPropertiesContextCustomizer@67196cf4, org.springframework.boot.test.context.SpringBootTestArgs@1, org.springframework.boot.test.context.SpringBootTestWebEnvironment@7a187f14], resourceBasePath = 'src/main/webapp', contextLoader = 'org.springframework.boot.test.context.SpringBootContextLoader', parent = [null]], attributes = map['org.springframework.test.context.web.ServletTestExecutionListener.activateListener' -> true]], class annotated with @DirtiesContext [false] with mode [null].
11:26:47.893 [main] DEBUG org.testcontainers.utility.TestcontainersConfiguration - Testcontainers configuration overrides will be loaded from file:/C:/Users/lenovo/.testcontainers.properties
11:26:47.930 [main] INFO org.testcontainers.dockerclient.DockerClientProviderStrategy - Loaded org.testcontainers.dockerclient.NpipeSocketClientProviderStrategy from ~/.testcontainers.properties, will try it first
11:26:47.934 [main] DEBUG org.testcontainers.dockerclient.DockerClientProviderStrategy - Trying out strategy: NpipeSocketClientProviderStrategy
11:26:48.443 [ducttape-0] DEBUG org.testcontainers.dockerclient.DockerClientProviderStrategy - Pinging docker daemon...
11:26:48.482 [ducttape-0] DEBUG org.testcontainers.shaded.com.github.dockerjava.core.command.AbstrDockerCmd - Cmd: 
11:26:48.525 [ducttape-0] DEBUG com.github.dockerjava.zerodep.shaded.org.apache.hc.client5.http.impl.classic.InternalHttpClient - ex-00000001: preparing request execution
11:26:48.535 [ducttape-0] DEBUG com.github.dockerjava.zerodep.shaded.org.apache.hc.client5.http.protocol.RequestAddCookies - Cookie spec selected: strict
11:26:48.543 [ducttape-0] DEBUG com.github.dockerjava.zerodep.shaded.org.apache.hc.client5.http.protocol.RequestAuthCache - Auth cache not set in the context
11:26:48.544 [ducttape-0] DEBUG com.github.dockerjava.zerodep.shaded.org.apache.hc.client5.http.impl.classic.ProtocolExec - ex-00000001: target auth state: UNCHALLENGED
11:26:48.545 [ducttape-0] DEBUG com.github.dockerjava.zerodep.shaded.org.apache.hc.client5.http.impl.classic.ProtocolExec - ex-00000001: proxy auth state: UNCHALLENGED
11:26:48.545 [ducttape-0] DEBUG com.github.dockerjava.zerodep.shaded.org.apache.hc.client5.http.impl.classic.ConnectExec - ex-00000001: acquiring connection with route {}->npipe://localhost:2375
11:26:48.546 [ducttape-0] DEBUG com.github.dockerjava.zerodep.shaded.org.apache.hc.client5.http.impl.classic.InternalHttpClient - ex-00000001: acquiring endpoint (3 MINUTES)
11:26:48.551 [ducttape-0] DEBUG com.github.dockerjava.zerodep.shaded.org.apache.hc.client5.http.impl.io.PoolingHttpClientConnectionManager - ex-00000001: endpoint lease request (3 MINUTES) [route: {}->npipe://localhost:2375][total available: 0; route allocated: 0 of 2147483647; total allocated: 0 of 2147483647]
11:26:48.559 [ducttape-0] DEBUG com.github.dockerjava.zerodep.shaded.org.apache.hc.client5.http.impl.io.PoolingHttpClientConnectionManager - ex-00000001: endpoint leased [route: {}->npipe://localhost:2375][total available: 0; route allocated: 1 of 2147483647; total allocated: 1 of 2147483647]
11:26:48.581 [ducttape-0] DEBUG com.github.dockerjava.zerodep.shaded.org.apache.hc.client5.http.impl.io.PoolingHttpClientConnectionManager - ex-00000001: acquired ep-00000000
11:26:48.582 [ducttape-0] DEBUG com.github.dockerjava.zerodep.shaded.org.apache.hc.client5.http.impl.classic.InternalHttpClient - ex-00000001: acquired endpoint ep-00000000
11:26:48.582 [ducttape-0] DEBUG com.github.dockerjava.zerodep.shaded.org.apache.hc.client5.http.impl.classic.ConnectExec - ex-00000001: opening connection {}->npipe://localhost:2375
11:26:48.584 [ducttape-0] DEBUG com.github.dockerjava.zerodep.shaded.org.apache.hc.client5.http.impl.classic.InternalHttpClient - ep-00000000: connecting endpoint (3 MINUTES)
11:26:48.585 [ducttape-0] DEBUG com.github.dockerjava.zerodep.shaded.org.apache.hc.client5.http.impl.io.PoolingHttpClientConnectionManager - ep-00000000: connecting endpoint to npipe://localhost:2375 (3 MINUTES)
11:26:48.605 [ducttape-0] DEBUG com.github.dockerjava.zerodep.shaded.org.apache.hc.client5.http.impl.io.DefaultHttpClientConnectionOperator - http-outgoing-0: connecting to localhost/127.0.0.1:2375
11:26:53.456 [main] DEBUG com.github.dockerjava.zerodep.shaded.org.apache.hc.client5.http.impl.io.PoolingHttpClientConnectionManager - Shutdown connection pool GRACEFUL
11:26:53.460 [main] DEBUG com.github.dockerjava.zerodep.shaded.org.apache.hc.client5.http.impl.io.DefaultManagedHttpClientConnection - http-outgoing-0: close connection GRACEFUL
11:26:53.461 [main] DEBUG com.github.dockerjava.zerodep.shaded.org.apache.hc.client5.http.impl.io.PoolingHttpClientConnectionManager - Connection pool shut down
11:26:53.464 [main] DEBUG org.testcontainers.dockerclient.DockerClientProviderStrategy - NpipeSocketClientProviderStrategy: failed with exception TimeoutException (org.rnorth.ducttape.TimeoutException: java.util.concurrent.TimeoutException). Root cause TimeoutException (null)
11:26:53.480 [main] INFO org.testcontainers.dockerclient.DockerMachineClientProviderStrategy - docker-machine executable was not found on PATH ([C:\Program Files (x86)\Common Files\Oracle\Java\javapath, C:\Users\lenovo\AppData\Local\Programs\Python\Python311\Scripts\, C:\Users\lenovo\AppData\Local\Programs\Python\Python311\, C:\Program Files\Common Files\Oracle\Java\javapath, C:\Windows\system32, C:\Windows, C:\Windows\System32\Wbem, C:\Windows\System32\WindowsPowerShell\v1.0\, C:\Windows\System32\OpenSSH\, C:\Program Files\Microsoft SQL Server\Client SDK\ODBC\130\Tools\Binn\, C:\Program Files (x86)\Microsoft SQL Server\140\Tools\Binn\, C:\Program Files\Microsoft SQL Server\140\Tools\Binn\, C:\Program Files\Microsoft SQL Server\140\DTS\Binn\, C:\Program Files\NVIDIA Corporation\NVIDIA NvDLISR, C:\Program Files (x86)\NVIDIA Corporation\PhysX\Common, C:\Program Files\Java\jdk-11.0.12\bin, C:\Program Files\Java\jdk-17\bin, C:\Program Files\Microsoft SQL Server\Client SDK\ODBC\170\Tools\Binn\, E:\mamp\MAMP\conf\php7.4.1, C:\wamp64\bin\php\php8.1.0, C:\ProgramData\ComposerSetup\bin, C:\ProgramData\chocolatey\bin, E:\git\Git\cmd, C:\Program Files\, E:\notejs\, C:\Program Files\Docker\Docker\resources\bin, C:\Program Files\MySQL\MySQL Shell 8.0\bin\, C:\Users\lenovo\anaconda3, C:\Users\lenovo\anaconda3\Library\mingw-w64\bin, C:\Users\lenovo\anaconda3\Library\usr\bin, C:\Users\lenovo\anaconda3\Library\bin, C:\Users\lenovo\anaconda3\Scripts, C:\Users\lenovo\AppData\Local\Microsoft\WindowsApps, E:\Microsoft VS Code\bin, C:\Program Files\Azure Data Studio\bin, E:\composer, C:\Users\lenovo\AppData\Roaming\Composer\vendor\bin, C:\Program Files\JetBrains\IntelliJ IDEA Community Edition 2021.2.2\bin, , C:\Program Files\JetBrains\IntelliJ IDEA 2022.3.2\bin, , E:\git\Git\bin\git.exe, E:\garphiz\Graphviz\bin, E:\Protégé\Protege-5.6.1\jre\lib, C:\Users\lenovo\AppData\Roaming\npm, C:\Program Files\Java\jdk1.8.0_251\lib, C:\Windows\System32])
11:26:53.482 [main] ERROR org.testcontainers.dockerclient.DockerClientProviderStrategy - Could not find a valid Docker environment. Please check configuration. Attempted configurations were:
11:26:53.483 [main] ERROR org.testcontainers.dockerclient.DockerClientProviderStrategy -     NpipeSocketClientProviderStrategy: failed with exception TimeoutException (org.rnorth.ducttape.TimeoutException: java.util.concurrent.TimeoutException). Root cause TimeoutException (null)
11:26:53.483 [main] ERROR org.testcontainers.dockerclient.DockerClientProviderStrategy - As no valid configuration was found, execution cannot continue
11:26:53.489 [main] DEBUG org.springframework.test.context.support.AbstractDirtiesContextTestExecutionListener - After test class: context [DefaultTestContext@4b40f651 testClass = ProductServiceApplicationTests, testInstance = [null], testMethod = [null], testException = [null], mergedContextConfiguration = [WebMergedContextConfiguration@42b02722 testClass = ProductServiceApplicationTests, locations = '{}', classes = '{class org.soulaimane.productservice.ProductServiceApplication}', contextInitializerClasses = '[]', activeProfiles = '{}', propertySourceLocations = '{}', propertySourceProperties = '{org.springframework.boot.test.context.SpringBootTestContextBootstrapper=true}', contextCustomizers = set[[ImportsContextCustomizer@d62fe5b key = [org.springframework.boot.test.autoconfigure.web.servlet.MockMvcAutoConfiguration, org.springframework.boot.test.autoconfigure.web.servlet.MockMvcWebClientAutoConfiguration, org.springframework.boot.test.autoconfigure.web.servlet.MockMvcWebDriverAutoConfiguration, org.springframework.boot.autoconfigure.security.oauth2.client.servlet.OAuth2ClientAutoConfiguration, org.springframework.boot.autoconfigure.security.oauth2.resource.servlet.OAuth2ResourceServerAutoConfiguration, org.springframework.boot.autoconfigure.security.servlet.SecurityAutoConfiguration, org.springframework.boot.autoconfigure.security.servlet.SecurityFilterAutoConfiguration, org.springframework.boot.autoconfigure.security.servlet.UserDetailsServiceAutoConfiguration, org.springframework.boot.test.autoconfigure.web.servlet.MockMvcSecurityConfiguration, org.springframework.boot.test.autoconfigure.web.reactive.WebTestClientAutoConfiguration]], org.springframework.boot.test.context.filter.ExcludeFilterContextCustomizer@52b1beb6, org.springframework.boot.test.json.DuplicateJsonObjectContextCustomizerFactory$DuplicateJsonObjectContextCustomizer@73e9cf30, org.springframework.boot.test.mock.mockito.MockitoContextCustomizer@0, org.springframework.boot.test.web.client.TestRestTemplateContextCustomizer@7b36aa0c, org.springframework.boot.test.autoconfigure.actuate.metrics.MetricsExportContextCustomizerFactory$DisableMetricExportContextCustomizer@38cee291, org.springframework.boot.test.autoconfigure.properties.PropertyMappingContextCustomizer@4b3fa0b3, org.springframework.boot.test.autoconfigure.web.servlet.WebDriverContextCustomizerFactory$Customizer@750e2b97, org.springframework.test.context.support.DynamicPropertiesContextCustomizer@67196cf4, org.springframework.boot.test.context.SpringBootTestArgs@1, org.springframework.boot.test.context.SpringBootTestWebEnvironment@7a187f14], resourceBasePath = 'src/main/webapp', contextLoader = 'org.springframework.boot.test.context.SpringBootContextLoader', parent = [null]], attributes = map['org.springframework.test.context.web.ServletTestExecutionListener.activateListener' -> true]], class annotated with @DirtiesContext [false] with mode [null].
]]></system-out>
  </testcase>
</testsuite>